<?xml version="1.0" encoding="UTF-8"?>
<!-- Generated by org.testng.reporters.JUnitXMLReporter -->
<testsuite ignored="18" hostname="IslamAminPc" failures="0" tests="7" name="AddRandomProduct" time="31.498" errors="0" timestamp="2024-07-22T23:57:42 EEST">
  <testcase classname="TestCases.TC01_Login" name="Login" time="2.327"/>
  <testcase classname="TestCases.TC02_AddAndRemoveRandomProducts" name="AddRandomProducts" time="5.703"/>
  <testcase classname="TestCases.TC02_AddAndRemoveRandomProducts" name="ClickCartButton" time="1.984"/>
  <testcase classname="TestCases.TC03_Checkout" name="ClickCheckoutButton" time="1.36"/>
  <testcase classname="TestCases.TC04_FillCheckoutInformation" name="FillInformation" time="3.491"/>
  <testcase classname="TestCases.TC04_FillCheckoutInformation" name="ClickContinuebtn" time="0.891"/>
  <testcase classname="TestCases.TC05_CheckoutOverview" name="CheckClickFinishbtn" time="0.906"/>
  <testcase classname="TestCases.TestBase" name="@BeforeSuite defineSuiteElements" time="0.0">
    <ignored/>
  </testcase> <!-- @BeforeSuite defineSuiteElements -->
  <testcase classname="TestCases.TestBase" name="@AfterSuite tearDown" time="0.0">
    <ignored/>
  </testcase> <!-- @AfterSuite tearDown -->
  <testcase classname="TestCases.TestBase" name="@AfterTest quit" time="0.0">
    <ignored/>
  </testcase> <!-- @AfterTest quit -->
  <testcase classname="TestCases.TC03_Checkout" name="CheckNavigateBack" time="0.0">
    <ignored/>
  </testcase> <!-- CheckNavigateBack -->
  <testcase classname="TestCases.TestBase" name="@AfterTest quit" time="0.0">
    <ignored/>
  </testcase> <!-- @AfterTest quit -->
  <testcase classname="TestCases.TestBase" name="@BeforeSuite defineSuiteElements" time="0.0">
    <ignored/>
  </testcase> <!-- @BeforeSuite defineSuiteElements -->
  <testcase classname="TestCases.TestBase" name="@AfterSuite tearDown" time="0.0">
    <ignored/>
  </testcase> <!-- @AfterSuite tearDown -->
  <testcase classname="TestCases.TestBase" name="@AfterTest quit" time="0.0">
    <ignored/>
  </testcase> <!-- @AfterTest quit -->
  <testcase classname="TestCases.TestBase" name="@BeforeTest setupDriver" time="0.0">
    <ignored/>
  </testcase> <!-- @BeforeTest setupDriver -->
  <testcase classname="TestCases.TestBase" name="@BeforeSuite defineSuiteElements" time="0.0">
    <ignored/>
  </testcase> <!-- @BeforeSuite defineSuiteElements -->
  <testcase classname="TestCases.TestBase" name="@BeforeSuite defineSuiteElements" time="0.0">
    <ignored/>
  </testcase> <!-- @BeforeSuite defineSuiteElements -->
  <testcase classname="TestCases.TestBase" name="@BeforeTest setupDriver" time="0.0">
    <ignored/>
  </testcase> <!-- @BeforeTest setupDriver -->
  <testcase classname="TestCases.TestBase" name="@AfterTest quit" time="0.0">
    <ignored/>
  </testcase> <!-- @AfterTest quit -->
  <testcase classname="TestCases.TestBase" name="@BeforeTest setupDriver" time="0.0">
    <ignored/>
  </testcase> <!-- @BeforeTest setupDriver -->
  <testcase classname="TestCases.TestBase" name="@AfterSuite tearDown" time="0.0">
    <ignored/>
  </testcase> <!-- @AfterSuite tearDown -->
  <testcase classname="TestCases.TestBase" name="@AfterSuite tearDown" time="0.0">
    <ignored/>
  </testcase> <!-- @AfterSuite tearDown -->
  <testcase classname="TestCases.TestBase" name="@BeforeTest setupDriver" time="0.0">
    <ignored/>
  </testcase> <!-- @BeforeTest setupDriver -->
  <testcase classname="TestCases.TC02_AddAndRemoveRandomProducts" name="RemoveRandomProducts" time="0.0">
    <ignored/>
  </testcase> <!-- RemoveRandomProducts -->
</testsuite> <!-- AddRandomProduct -->
