<?xml version="1.0" encoding="UTF-8"?>
<!-- Generated by org.testng.reporters.JUnitXMLReporter -->
<testsuite ignored="0" hostname="DESKTOP-24VCBV6" failures="2" tests="6" name=".org.eclipse.egit.core.cmp" time="89.6" errors="0" timestamp="2024-07-06T15:08:31 EEST">
  <testcase classname="TestCases.TC01_Login" name="openLink" time="1.006"/>
  <testcase classname="TestCases.TC01_Login" name="generateUserId" time="7.833">
    <failure type="java.lang.AssertionError" message="expected [mngr579118] but found [mngr579744]">
      <![CDATA[java.lang.AssertionError: expected [mngr579118] but found [mngr579744]
at TestCases.TC01_Login.generateUserId(TC01_Login.java:35)
at java.base/java.util.ArrayList.forEach(ArrayList.java:1596)
at com.intellij.rt.testng.IDEARemoteTestNG.run(IDEARemoteTestNG.java:65)
at com.intellij.rt.testng.RemoteTestNGStarter.main(RemoteTestNGStarter.java:105)
... Removed 28 stack frames]]>
    </failure>
  </testcase> <!-- generateUserId -->
  <testcase classname="TestCases.TC01_Login" name="loginWithValidCredential" time="20.032">
    <skipped/>
  </testcase> <!-- loginWithValidCredential -->
  <testcase classname="TestCases.TC01_Login" name="loginWithValidCredential" time="20.014">
    <skipped/>
  </testcase> <!-- loginWithValidCredential -->
  <testcase classname="TestCases.TC01_Login" name="loginWithValidCredential" time="10.44">
    <skipped/>
  </testcase> <!-- loginWithValidCredential -->
  <testcase classname="TestCases.TC01_Login" name="loginWithValidCredential" time="10.259">
    <failure type="java.lang.AssertionError" message="Element not found">
        <![CDATA[java.lang.AssertionError: Element not found
at org.junit.Assert.fail(Assert.java:89)
at pages.P01_LoginPage.enterUserId(P01_LoginPage.java:73)
at TestCases.TC01_Login.loginWithValidCredential(TC01_Login.java:44)
at java.base/java.util.concurrent.FutureTask.run(FutureTask.java:317)
at java.base/java.util.concurrent.ThreadPoolExecutor.runWorker(ThreadPoolExecutor.java:1144)
at java.base/java.util.concurrent.ThreadPoolExecutor$Worker.run(ThreadPoolExecutor.java:642)
at java.base/java.lang.Thread.run(Thread.java:1583)
... Removed 6 stack frames]]>
    </failure>
  </testcase> <!-- loginWithValidCredential -->
</testsuite> <!-- .org.eclipse.egit.core.cmp -->
